<?xml version="1.0" encoding="UTF-8"?>
<!-- Generated by org.testng.reporters.JUnitXMLReporter -->
<testsuite hostname="DESKTOP-5FUCR6M" ignored="0" name="Default test" tests="3" failures="0" timestamp="2020-07-23T19:35:54 EDT" time="20.216" errors="0">
  <testcase name="freeCrm" time="7.876" classname="TestNGPackage.DataProviderTask"/>
  <testcase name="freeCrm" time="6.286" classname="TestNGPackage.DataProviderTask"/>
  <testcase name="freeCrm" time="5.959" classname="TestNGPackage.DataProviderTask"/>
</testsuite> <!-- Default test -->
