<?xml version="1.0" encoding="UTF-8"?>
<testng-results skipped="0" failed="0" ignored="0" total="3" passed="3">
  <reporter-output>
  </reporter-output>
  <suite name="Default suite" duration-ms="20216" started-at="2020-07-23T19:35:34 EDT" finished-at="2020-07-23T19:35:54 EDT">
    <groups>
    </groups>
    <test name="Default test" duration-ms="20216" started-at="2020-07-23T19:35:34 EDT" finished-at="2020-07-23T19:35:54 EDT">
      <class name="TestNGPackage.DataProviderTask">
        <test-method status="PASS" signature="freeCrm(java.lang.String, java.lang.String)[pri:0, instance:TestNGPackage.DataProviderTask@4f970963]" name="freeCrm" duration-ms="7876" started-at="2020-07-23T19:35:34 EDT" data-provider="getdata" finished-at="2020-07-23T19:35:42 EDT">
          <params>
            <param index="0">
              <value>
                <![CDATA[imrankhan@yahoo.com]]>
              </value>
            </param>
            <param index="1">
              <value>
                <![CDATA[123]]>
              </value>
            </param>
          </params>
          <reporter-output>
          </reporter-output>
        </test-method> <!-- freeCrm -->
        <test-method status="PASS" signature="freeCrm(java.lang.String, java.lang.String)[pri:0, instance:TestNGPackage.DataProviderTask@4f970963]" name="freeCrm" duration-ms="6286" started-at="2020-07-23T19:35:42 EDT" data-provider="getdata" finished-at="2020-07-23T19:35:48 EDT">
          <params>
            <param index="0">
              <value>
                <![CDATA[imran@yahoo.com]]>
              </value>
            </param>
            <param index="1">
              <value>
                <![CDATA[zbc]]>
              </value>
            </param>
          </params>
          <reporter-output>
          </reporter-output>
        </test-method> <!-- freeCrm -->
        <test-method status="PASS" signature="freeCrm(java.lang.String, java.lang.String)[pri:0, instance:TestNGPackage.DataProviderTask@4f970963]" name="freeCrm" duration-ms="5959" started-at="2020-07-23T19:35:48 EDT" data-provider="getdata" finished-at="2020-07-23T19:35:54 EDT">
          <params>
            <param index="0">
              <value>
                <![CDATA[imranmohmand@yahoo.com]]>
              </value>
            </param>
            <param index="1">
              <value>
                <![CDATA[abcd]]>
              </value>
            </param>
          </params>
          <reporter-output>
          </reporter-output>
        </test-method> <!-- freeCrm -->
      </class> <!-- TestNGPackage.DataProviderTask -->
    </test> <!-- Default test -->
  </suite> <!-- Default suite -->
</testng-results>
