<?xml version="1.0" encoding="UTF-8"?>
<testng-results skipped="0" failed="0" ignored="0" total="3" passed="3">
  <reporter-output>
  </reporter-output>
  <suite name="Autoation" duration-ms="62" started-at="2020-07-15T20:30:28 EDT" finished-at="2020-07-15T20:30:28 EDT">
    <groups>
    </groups>
    <test name="Regression" duration-ms="62" started-at="2020-07-15T20:30:28 EDT" finished-at="2020-07-15T20:30:28 EDT">
      <class name="TestNGPackage.TestNGClass">
        <test-method status="PASS" signature="f()[pri:0, instance:TestNGPackage.TestNGClass@887af79]" name="f" duration-ms="5" started-at="2020-07-15T20:30:28 EDT" finished-at="2020-07-15T20:30:28 EDT">
          <reporter-output>
          </reporter-output>
        </test-method> <!-- f -->
      </class> <!-- TestNGPackage.TestNGClass -->
      <class name="TestNGPackage.AnnotationsClass">
        <test-method status="PASS" signature="beforeSuite()[pri:0, instance:TestNGPackage.AnnotationsClass@7b49cea0]" name="beforeSuite" is-config="true" duration-ms="9" started-at="2020-07-15T20:30:28 EDT" finished-at="2020-07-15T20:30:28 EDT">
          <reporter-output>
          </reporter-output>
        </test-method> <!-- beforeSuite -->
        <test-method status="PASS" signature="beforeTest()[pri:0, instance:TestNGPackage.AnnotationsClass@7b49cea0]" name="beforeTest" is-config="true" duration-ms="0" started-at="2020-07-15T20:30:28 EDT" finished-at="2020-07-15T20:30:28 EDT">
          <reporter-output>
          </reporter-output>
        </test-method> <!-- beforeTest -->
        <test-method status="PASS" signature="beforeClass()[pri:0, instance:TestNGPackage.AnnotationsClass@7b49cea0]" name="beforeClass" is-config="true" duration-ms="1" started-at="2020-07-15T20:30:28 EDT" finished-at="2020-07-15T20:30:28 EDT">
          <reporter-output>
          </reporter-output>
        </test-method> <!-- beforeClass -->
        <test-method status="PASS" signature="methodBeforeclass()[pri:0, instance:TestNGPackage.AnnotationsClass@7b49cea0]" name="methodBeforeclass" is-config="true" duration-ms="0" started-at="2020-07-15T20:30:28 EDT" finished-at="2020-07-15T20:30:28 EDT">
          <reporter-output>
          </reporter-output>
        </test-method> <!-- methodBeforeclass -->
        <test-method status="PASS" signature="beforeMethod()[pri:0, instance:TestNGPackage.AnnotationsClass@7b49cea0]" name="beforeMethod" is-config="true" duration-ms="0" started-at="2020-07-15T20:30:28 EDT" finished-at="2020-07-15T20:30:28 EDT">
          <reporter-output>
          </reporter-output>
        </test-method> <!-- beforeMethod -->
        <test-method status="PASS" signature="Method()[pri:0, instance:TestNGPackage.AnnotationsClass@7b49cea0]" name="Method" duration-ms="1" started-at="2020-07-15T20:30:28 EDT" finished-at="2020-07-15T20:30:28 EDT">
          <reporter-output>
          </reporter-output>
        </test-method> <!-- Method -->
        <test-method status="PASS" signature="method1()[pri:0, instance:TestNGPackage.AnnotationsClass@7b49cea0]" name="method1" is-config="true" duration-ms="0" started-at="2020-07-15T20:30:28 EDT" finished-at="2020-07-15T20:30:28 EDT">
          <reporter-output>
          </reporter-output>
        </test-method> <!-- method1 -->
        <test-method status="PASS" signature="AfterMethod()[pri:0, instance:TestNGPackage.AnnotationsClass@7b49cea0]" name="AfterMethod" is-config="true" duration-ms="1" started-at="2020-07-15T20:30:28 EDT" finished-at="2020-07-15T20:30:28 EDT">
          <reporter-output>
          </reporter-output>
        </test-method> <!-- AfterMethod -->
        <test-method status="PASS" signature="afterMethod()[pri:0, instance:TestNGPackage.AnnotationsClass@7b49cea0]" name="afterMethod" is-config="true" duration-ms="0" started-at="2020-07-15T20:30:28 EDT" finished-at="2020-07-15T20:30:28 EDT">
          <reporter-output>
          </reporter-output>
        </test-method> <!-- afterMethod -->
        <test-method status="PASS" signature="beforeMethod()[pri:0, instance:TestNGPackage.AnnotationsClass@7b49cea0]" name="beforeMethod" is-config="true" duration-ms="2" started-at="2020-07-15T20:30:28 EDT" finished-at="2020-07-15T20:30:28 EDT">
          <reporter-output>
          </reporter-output>
        </test-method> <!-- beforeMethod -->
        <test-method status="PASS" signature="method1()[pri:0, instance:TestNGPackage.AnnotationsClass@7b49cea0]" name="method1" is-config="true" duration-ms="1" started-at="2020-07-15T20:30:28 EDT" finished-at="2020-07-15T20:30:28 EDT">
          <reporter-output>
          </reporter-output>
        </test-method> <!-- method1 -->
        <test-method status="PASS" signature="f()[pri:0, instance:TestNGPackage.AnnotationsClass@7b49cea0]" name="f" duration-ms="2" started-at="2020-07-15T20:30:28 EDT" finished-at="2020-07-15T20:30:28 EDT">
          <reporter-output>
          </reporter-output>
        </test-method> <!-- f -->
        <test-method status="PASS" signature="AfterMethod()[pri:0, instance:TestNGPackage.AnnotationsClass@7b49cea0]" name="AfterMethod" is-config="true" duration-ms="1" started-at="2020-07-15T20:30:28 EDT" finished-at="2020-07-15T20:30:28 EDT">
          <reporter-output>
          </reporter-output>
        </test-method> <!-- AfterMethod -->
        <test-method status="PASS" signature="afterMethod()[pri:0, instance:TestNGPackage.AnnotationsClass@7b49cea0]" name="afterMethod" is-config="true" duration-ms="1" started-at="2020-07-15T20:30:28 EDT" finished-at="2020-07-15T20:30:28 EDT">
          <reporter-output>
          </reporter-output>
        </test-method> <!-- afterMethod -->
        <test-method status="PASS" signature="afterClass()[pri:0, instance:TestNGPackage.AnnotationsClass@7b49cea0]" name="afterClass" is-config="true" duration-ms="0" started-at="2020-07-15T20:30:28 EDT" finished-at="2020-07-15T20:30:28 EDT">
          <reporter-output>
          </reporter-output>
        </test-method> <!-- afterClass -->
        <test-method status="PASS" signature="afterTest()[pri:0, instance:TestNGPackage.AnnotationsClass@7b49cea0]" name="afterTest" is-config="true" duration-ms="0" started-at="2020-07-15T20:30:28 EDT" finished-at="2020-07-15T20:30:28 EDT">
          <reporter-output>
          </reporter-output>
        </test-method> <!-- afterTest -->
        <test-method status="PASS" signature="afterSuite()[pri:0, instance:TestNGPackage.AnnotationsClass@7b49cea0]" name="afterSuite" is-config="true" duration-ms="1" started-at="2020-07-15T20:30:28 EDT" finished-at="2020-07-15T20:30:28 EDT">
          <reporter-output>
          </reporter-output>
        </test-method> <!-- afterSuite -->
      </class> <!-- TestNGPackage.AnnotationsClass -->
    </test> <!-- Regression -->
  </suite> <!-- Autoation -->
</testng-results>
