<?xml version="1.0" encoding="UTF-8"?>
<!-- Generated by org.testng.reporters.JUnitXMLReporter -->
<testsuite hostname="DESKTOP-5FUCR6M" ignored="0" name="Regression" tests="3" failures="0" timestamp="2020-07-15T20:30:28 EDT" time="0.062" errors="0">
  <testcase name="f" time="0.005" classname="TestNGPackage.TestNGClass"/>
  <testcase name="Method" time="0.001" classname="TestNGPackage.AnnotationsClass"/>
  <testcase name="f" time="0.002" classname="TestNGPackage.AnnotationsClass"/>
</testsuite> <!-- Regression -->
